  318035327_ProyectoFinal_GPO13.cpp
D:\GitHub\318035327_GPO13_PROYECTOFINAL2024-2\ProyectoFinal\318035327_ProyectoFinal_GPO13.cpp(83,34): warning C4305: 'inicializando': truncamiento de 'double' a 'float'
D:\GitHub\318035327_GPO13_PROYECTOFINAL2024-2\ProyectoFinal\318035327_ProyectoFinal_GPO13.cpp(84,36): warning C4305: 'inicializando': truncamiento de 'double' a 'float'
D:\GitHub\318035327_GPO13_PROYECTOFINAL2024-2\ProyectoFinal\318035327_ProyectoFinal_GPO13.cpp(319,24): warning C4244: 'inicializando': conversión de 'double' a 'GLfloat'; posible pérdida de datos
D:\GitHub\318035327_GPO13_PROYECTOFINAL2024-2\ProyectoFinal\318035327_ProyectoFinal_GPO13.cpp(753,44): warning C4244: '+=': conversión de 'double' a 'float'; posible pérdida de datos
D:\GitHub\318035327_GPO13_PROYECTOFINAL2024-2\ProyectoFinal\318035327_ProyectoFinal_GPO13.cpp(760,44): warning C4244: '-=': conversión de 'double' a 'float'; posible pérdida de datos
D:\GitHub\318035327_GPO13_PROYECTOFINAL2024-2\ProyectoFinal\318035327_ProyectoFinal_GPO13.cpp(770,48): warning C4244: '+=': conversión de 'double' a 'float'; posible pérdida de datos
D:\GitHub\318035327_GPO13_PROYECTOFINAL2024-2\ProyectoFinal\318035327_ProyectoFinal_GPO13.cpp(777,48): warning C4244: '-=': conversión de 'double' a 'float'; posible pérdida de datos
D:\GitHub\318035327_GPO13_PROYECTOFINAL2024-2\ProyectoFinal\318035327_ProyectoFinal_GPO13.cpp(787,48): warning C4244: '+=': conversión de 'double' a 'float'; posible pérdida de datos
D:\GitHub\318035327_GPO13_PROYECTOFINAL2024-2\ProyectoFinal\318035327_ProyectoFinal_GPO13.cpp(793,48): warning C4244: '-=': conversión de 'double' a 'float'; posible pérdida de datos
D:\GitHub\318035327_GPO13_PROYECTOFINAL2024-2\ProyectoFinal\318035327_ProyectoFinal_GPO13.cpp(802,47): warning C4244: '+=': conversión de 'double' a 'float'; posible pérdida de datos
D:\GitHub\318035327_GPO13_PROYECTOFINAL2024-2\ProyectoFinal\318035327_ProyectoFinal_GPO13.cpp(805,41): warning C4244: '+=': conversión de 'double' a 'float'; posible pérdida de datos
D:\GitHub\318035327_GPO13_PROYECTOFINAL2024-2\ProyectoFinal\318035327_ProyectoFinal_GPO13.cpp(808,42): warning C4244: '+=': conversión de 'double' a 'float'; posible pérdida de datos
D:\GitHub\318035327_GPO13_PROYECTOFINAL2024-2\ProyectoFinal\318035327_ProyectoFinal_GPO13.cpp(816,40): warning C4244: '-=': conversión de 'double' a 'float'; posible pérdida de datos
D:\GitHub\318035327_GPO13_PROYECTOFINAL2024-2\ProyectoFinal\318035327_ProyectoFinal_GPO13.cpp(819,41): warning C4244: '-=': conversión de 'double' a 'float'; posible pérdida de datos
D:\GitHub\318035327_GPO13_PROYECTOFINAL2024-2\ProyectoFinal\318035327_ProyectoFinal_GPO13.cpp(822,49): warning C4244: '-=': conversión de 'double' a 'float'; posible pérdida de datos
D:\GitHub\318035327_GPO13_PROYECTOFINAL2024-2\ProyectoFinal\318035327_ProyectoFinal_GPO13.cpp(833,47): warning C4244: '+=': conversión de 'double' a 'float'; posible pérdida de datos
D:\GitHub\318035327_GPO13_PROYECTOFINAL2024-2\ProyectoFinal\318035327_ProyectoFinal_GPO13.cpp(836,42): warning C4244: '+=': conversión de 'double' a 'float'; posible pérdida de datos
D:\GitHub\318035327_GPO13_PROYECTOFINAL2024-2\ProyectoFinal\318035327_ProyectoFinal_GPO13.cpp(839,43): warning C4244: '+=': conversión de 'double' a 'float'; posible pérdida de datos
D:\GitHub\318035327_GPO13_PROYECTOFINAL2024-2\ProyectoFinal\318035327_ProyectoFinal_GPO13.cpp(847,41): warning C4244: '-=': conversión de 'double' a 'float'; posible pérdida de datos
D:\GitHub\318035327_GPO13_PROYECTOFINAL2024-2\ProyectoFinal\318035327_ProyectoFinal_GPO13.cpp(850,42): warning C4244: '-=': conversión de 'double' a 'float'; posible pérdida de datos
D:\GitHub\318035327_GPO13_PROYECTOFINAL2024-2\ProyectoFinal\318035327_ProyectoFinal_GPO13.cpp(853,49): warning C4244: '-=': conversión de 'double' a 'float'; posible pérdida de datos
D:\GitHub\318035327_GPO13_PROYECTOFINAL2024-2\ProyectoFinal\318035327_ProyectoFinal_GPO13.cpp(865,47): warning C4244: '+=': conversión de 'double' a 'float'; posible pérdida de datos
D:\GitHub\318035327_GPO13_PROYECTOFINAL2024-2\ProyectoFinal\318035327_ProyectoFinal_GPO13.cpp(868,42): warning C4244: '+=': conversión de 'double' a 'float'; posible pérdida de datos
D:\GitHub\318035327_GPO13_PROYECTOFINAL2024-2\ProyectoFinal\318035327_ProyectoFinal_GPO13.cpp(871,43): warning C4244: '+=': conversión de 'double' a 'float'; posible pérdida de datos
D:\GitHub\318035327_GPO13_PROYECTOFINAL2024-2\ProyectoFinal\318035327_ProyectoFinal_GPO13.cpp(879,41): warning C4244: '-=': conversión de 'double' a 'float'; posible pérdida de datos
D:\GitHub\318035327_GPO13_PROYECTOFINAL2024-2\ProyectoFinal\318035327_ProyectoFinal_GPO13.cpp(882,42): warning C4244: '-=': conversión de 'double' a 'float'; posible pérdida de datos
D:\GitHub\318035327_GPO13_PROYECTOFINAL2024-2\ProyectoFinal\318035327_ProyectoFinal_GPO13.cpp(885,49): warning C4244: '-=': conversión de 'double' a 'float'; posible pérdida de datos
D:\GitHub\318035327_GPO13_PROYECTOFINAL2024-2\ProyectoFinal\318035327_ProyectoFinal_GPO13.cpp(897,45): warning C4244: '+=': conversión de 'double' a 'float'; posible pérdida de datos
D:\GitHub\318035327_GPO13_PROYECTOFINAL2024-2\ProyectoFinal\318035327_ProyectoFinal_GPO13.cpp(900,40): warning C4244: '+=': conversión de 'double' a 'float'; posible pérdida de datos
D:\GitHub\318035327_GPO13_PROYECTOFINAL2024-2\ProyectoFinal\318035327_ProyectoFinal_GPO13.cpp(907,39): warning C4244: '-=': conversión de 'double' a 'float'; posible pérdida de datos
D:\GitHub\318035327_GPO13_PROYECTOFINAL2024-2\ProyectoFinal\318035327_ProyectoFinal_GPO13.cpp(910,46): warning C4244: '-=': conversión de 'double' a 'float'; posible pérdida de datos
D:\GitHub\318035327_GPO13_PROYECTOFINAL2024-2\ProyectoFinal\318035327_ProyectoFinal_GPO13.cpp(920,23): warning C4244: '=': conversión de 'double' a 'float'; posible pérdida de datos
D:\GitHub\318035327_GPO13_PROYECTOFINAL2024-2\ProyectoFinal\318035327_ProyectoFinal_GPO13.cpp(922,46): warning C4244: '+=': conversión de 'double' a 'float'; posible pérdida de datos
D:\GitHub\318035327_GPO13_PROYECTOFINAL2024-2\ProyectoFinal\318035327_ProyectoFinal_GPO13.cpp(927,46): warning C4244: '-=': conversión de 'double' a 'float'; posible pérdida de datos
D:\GitHub\318035327_GPO13_PROYECTOFINAL2024-2\ProyectoFinal\318035327_ProyectoFinal_GPO13.cpp(934,24): warning C4244: '=': conversión de 'double' a 'float'; posible pérdida de datos
D:\GitHub\318035327_GPO13_PROYECTOFINAL2024-2\ProyectoFinal\318035327_ProyectoFinal_GPO13.cpp(937,49): warning C4244: '+=': conversión de 'double' a 'float'; posible pérdida de datos
D:\GitHub\318035327_GPO13_PROYECTOFINAL2024-2\ProyectoFinal\318035327_ProyectoFinal_GPO13.cpp(942,49): warning C4244: '-=': conversión de 'double' a 'float'; posible pérdida de datos
D:\GitHub\318035327_GPO13_PROYECTOFINAL2024-2\ProyectoFinal\318035327_ProyectoFinal_GPO13.cpp(950,24): warning C4244: '=': conversión de 'double' a 'float'; posible pérdida de datos
D:\GitHub\318035327_GPO13_PROYECTOFINAL2024-2\ProyectoFinal\318035327_ProyectoFinal_GPO13.cpp(952,40): warning C4244: '+=': conversión de 'double' a 'float'; posible pérdida de datos
D:\GitHub\318035327_GPO13_PROYECTOFINAL2024-2\ProyectoFinal\318035327_ProyectoFinal_GPO13.cpp(956,47): warning C4244: '+=': conversión de 'double' a 'float'; posible pérdida de datos
D:\GitHub\318035327_GPO13_PROYECTOFINAL2024-2\ProyectoFinal\318035327_ProyectoFinal_GPO13.cpp(962,40): warning C4244: '-=': conversión de 'double' a 'float'; posible pérdida de datos
D:\GitHub\318035327_GPO13_PROYECTOFINAL2024-2\ProyectoFinal\318035327_ProyectoFinal_GPO13.cpp(966,47): warning C4244: '-=': conversión de 'double' a 'float'; posible pérdida de datos
D:\GitHub\318035327_GPO13_PROYECTOFINAL2024-2\ProyectoFinal\318035327_ProyectoFinal_GPO13.cpp(975,22): warning C4244: '=': conversión de 'double' a 'float'; posible pérdida de datos
D:\GitHub\318035327_GPO13_PROYECTOFINAL2024-2\ProyectoFinal\318035327_ProyectoFinal_GPO13.cpp(1129,11): warning C4244: '=': conversión de 'double' a 'GLfloat'; posible pérdida de datos
D:\GitHub\318035327_GPO13_PROYECTOFINAL2024-2\ProyectoFinal\318035327_ProyectoFinal_GPO13.cpp(1130,11): warning C4244: '=': conversión de 'double' a 'GLfloat'; posible pérdida de datos
D:\GitHub\318035327_GPO13_PROYECTOFINAL2024-2\ProyectoFinal\318035327_ProyectoFinal_GPO13.cpp(1134,18): warning C4244: 'inicializando': conversión de 'double' a 'GLfloat'; posible pérdida de datos
D:\GitHub\318035327_GPO13_PROYECTOFINAL2024-2\ProyectoFinal\318035327_ProyectoFinal_GPO13.cpp(1135,18): warning C4244: 'inicializando': conversión de 'double' a 'GLfloat'; posible pérdida de datos
D:\GitHub\318035327_GPO13_PROYECTOFINAL2024-2\ProyectoFinal\318035327_ProyectoFinal_GPO13.cpp(1137,10): warning C4244: '=': conversión de 'double' a 'GLfloat'; posible pérdida de datos
D:\GitHub\318035327_GPO13_PROYECTOFINAL2024-2\ProyectoFinal\318035327_ProyectoFinal_GPO13.cpp(1138,10): warning C4244: '=': conversión de 'double' a 'GLfloat'; posible pérdida de datos
soil2-debug.lib(SOIL2.obj) : warning LNK4075: se omite '/EDITANDCONTINUE' debido a la especificación '/OPT:ICF'
LINK : warning LNK4098: la biblioteca predeterminada'MSVCRTD' entra en conflicto con otras bibliotecas; use la biblioteca /NODEFAULTLIB:biblioteca
  Generando código
  2 of 681 functions ( 0.3%) were compiled, the rest were copied from previous compilation.
    0 functions were new in current compilation
    0 functions had inline decision re-evaluated but remain unchanged
  Generación de código finalizada
soil2-debug.lib(etc1_utils.obj) : warning LNK4099: no se encontró PDB '' con 'soil2-debug.lib(etc1_utils.obj)' o en ''; se vinculará el objeto sin tener en cuenta información de depuración
soil2-debug.lib(image_DXT.obj) : warning LNK4099: no se encontró PDB '' con 'soil2-debug.lib(image_DXT.obj)' o en ''; se vinculará el objeto sin tener en cuenta información de depuración
soil2-debug.lib(image_helper.obj) : warning LNK4099: no se encontró PDB '' con 'soil2-debug.lib(image_helper.obj)' o en ''; se vinculará el objeto sin tener en cuenta información de depuración
soil2-debug.lib(SOIL2.obj) : warning LNK4099: no se encontró PDB '' con 'soil2-debug.lib(SOIL2.obj)' o en ''; se vinculará el objeto sin tener en cuenta información de depuración
  ProyectoFinal.vcxproj -> D:\GitHub\318035327_GPO13_PROYECTOFINAL2024-2\Release\ProyectoFinal.exe
